<?xml version="1.0" encoding="UTF-8"?>
<testsuite xmlns:xsi="http://www.w3.org/2001/XMLSchema-instance" xsi:noNamespaceSchemaLocation="https://maven.apache.org/surefire/maven-surefire-plugin/xsd/surefire-test-report-3.0.xsd" version="3.0" name="modulos.produto.ProdutoTest" time="3.54" tests="2" errors="0" skipped="0" failures="0">
  <properties>
[...]
</properties>
  <testcase name="testValidarLimitesProibidosValorProduto" classname="modulos.produto.ProdutoTest" time="2.544"/>
  <testcase name="testValidarLimitesMaiorSeteMilProibidoValorProduto" classname="modulos.produto.ProdutoTest" time="0.976"/>
</testsuite>